<?xml version="1.0" encoding="UTF-8"?>
<coverage generated="1774383621759" clover="3.2.0">
  <project timestamp="1774383621759" name="All files">
    <metrics statements="90" coveredstatements="90" conditionals="70" coveredconditionals="69" methods="28" coveredmethods="28" elements="188" coveredelements="187" complexity="0" loc="90" ncloc="90" packages="4" files="11" classes="11"/>
    <package name="src">
      <metrics statements="70" coveredstatements="70" conditionals="32" coveredconditionals="31" methods="13" coveredmethods="13"/>
      <file name="App.tsx" path="/Users/jyates/Repositories/nexus-ui/src/App.tsx">
        <metrics statements="70" coveredstatements="70" conditionals="32" coveredconditionals="31" methods="13" coveredmethods="13"/>
        <line num="25" count="52" type="stmt"/>
        <line num="26" count="52" type="stmt"/>
        <line num="27" count="52" type="stmt"/>
        <line num="33" count="52" type="stmt"/>
        <line num="35" count="52" type="stmt"/>
        <line num="49" count="52" type="stmt"/>
        <line num="51" count="52" type="stmt"/>
        <line num="53" count="30" type="stmt"/>
        <line num="61" count="52" type="stmt"/>
        <line num="62" count="30" type="stmt"/>
        <line num="69" count="52" type="stmt"/>
        <line num="70" count="13" type="stmt"/>
        <line num="71" count="14" type="stmt"/>
        <line num="73" count="14" type="cond" truecount="2" falsecount="0"/>
        <line num="74" count="14" type="stmt"/>
        <line num="75" count="13" type="cond" truecount="2" falsecount="0"/>
        <line num="76" count="11" type="stmt"/>
        <line num="77" count="11" type="stmt"/>
        <line num="79" count="2" type="stmt"/>
        <line num="82" count="3" type="stmt"/>
        <line num="92" count="13" type="stmt"/>
        <line num="94" count="13" type="stmt"/>
        <line num="97" count="13" type="stmt"/>
        <line num="104" count="52" type="stmt"/>
        <line num="105" count="9" type="stmt"/>
        <line num="106" count="9" type="cond" truecount="4" falsecount="0"/>
        <line num="108" count="8" type="stmt"/>
        <line num="111" count="8" type="stmt"/>
        <line num="112" count="8" type="stmt"/>
        <line num="113" count="8" type="stmt"/>
        <line num="115" count="8" type="stmt"/>
        <line num="116" count="8" type="cond" truecount="2" falsecount="0"/>
        <line num="117" count="9" type="stmt"/>
        <line num="129" count="7" type="cond" truecount="2" falsecount="0"/>
        <line num="136" count="5" type="stmt"/>
        <line num="137" count="5" type="stmt"/>
        <line num="138" count="5" type="stmt"/>
        <line num="145" count="5" type="stmt"/>
        <line num="148" count="5" type="stmt"/>
        <line num="149" count="17" type="stmt"/>
        <line num="150" count="16" type="cond" truecount="2" falsecount="0"/>
        <line num="152" count="12" type="stmt"/>
        <line num="154" count="12" type="stmt"/>
        <line num="156" count="12" type="stmt"/>
        <line num="157" count="36" type="cond" truecount="2" falsecount="0"/>
        <line num="158" count="12" type="stmt"/>
        <line num="160" count="12" type="stmt"/>
        <line num="163" count="12" type="cond" truecount="2" falsecount="0"/>
        <line num="164" count="2" type="stmt"/>
        <line num="165" count="2" type="cond" truecount="2" falsecount="0"/>
        <line num="166" count="1" type="stmt"/>
        <line num="167" count="1" type="stmt"/>
        <line num="171" count="1" type="stmt"/>
        <line num="176" count="11" type="cond" truecount="2" falsecount="0"/>
        <line num="177" count="9" type="stmt"/>
        <line num="178" count="9" type="stmt"/>
        <line num="186" count="9" type="cond" truecount="2" falsecount="0"/>
        <line num="187" count="2" type="stmt"/>
        <line num="189" count="7" type="stmt"/>
        <line num="192" count="9" type="cond" truecount="1" falsecount="1"/>
        <line num="193" count="9" type="stmt"/>
        <line num="194" count="9" type="stmt"/>
        <line num="197" count="9" type="cond" truecount="6" falsecount="0"/>
        <line num="198" count="3" type="stmt"/>
        <line num="201" count="6" type="stmt"/>
        <line num="207" count="1" type="stmt"/>
        <line num="213" count="3" type="stmt"/>
        <line num="214" count="3" type="stmt"/>
        <line num="216" count="7" type="stmt"/>
        <line num="225" count="52" type="stmt"/>
      </file>
    </package>
    <package name="src.components">
      <metrics statements="13" coveredstatements="13" conditionals="32" coveredconditionals="32" methods="10" coveredmethods="10"/>
      <file name="ChatHeader.tsx" path="/Users/jyates/Repositories/nexus-ui/src/components/ChatHeader.tsx">
        <metrics statements="1" coveredstatements="1" conditionals="2" coveredconditionals="2" methods="1" coveredmethods="1"/>
        <line num="15" count="54" type="stmt"/>
      </file>
      <file name="MessageInput.tsx" path="/Users/jyates/Repositories/nexus-ui/src/components/MessageInput.tsx">
        <metrics statements="2" coveredstatements="2" conditionals="6" coveredconditionals="6" methods="2" coveredmethods="2"/>
        <line num="29" count="57" type="stmt"/>
        <line num="43" count="9" type="stmt"/>
      </file>
      <file name="MessageList.tsx" path="/Users/jyates/Repositories/nexus-ui/src/components/MessageList.tsx">
        <metrics statements="6" coveredstatements="6" conditionals="16" coveredconditionals="16" methods="4" coveredmethods="4"/>
        <line num="21" count="55" type="stmt"/>
        <line num="43" count="108" type="stmt"/>
        <line num="50" count="1" type="stmt"/>
        <line num="67" count="32" type="cond" truecount="2" falsecount="0"/>
        <line num="68" count="2" type="stmt"/>
        <line num="77" count="30" type="stmt"/>
      </file>
      <file name="SystemStatusGrid.tsx" path="/Users/jyates/Repositories/nexus-ui/src/components/SystemStatusGrid.tsx">
        <metrics statements="4" coveredstatements="4" conditionals="8" coveredconditionals="8" methods="3" coveredmethods="3"/>
        <line num="18" count="378" type="stmt"/>
        <line num="25" count="54" type="stmt"/>
        <line num="46" count="54" type="stmt"/>
        <line num="49" count="162" type="stmt"/>
      </file>
    </package>
    <package name="src.components.ui">
      <metrics statements="6" coveredstatements="6" conditionals="6" coveredconditionals="6" methods="4" coveredmethods="4"/>
      <file name="Badge.tsx" path="/Users/jyates/Repositories/nexus-ui/src/components/ui/Badge.tsx">
        <metrics statements="2" coveredstatements="2" conditionals="1" coveredconditionals="1" methods="1" coveredmethods="1"/>
        <line num="14" count="167" type="stmt"/>
        <line num="20" count="167" type="stmt"/>
      </file>
      <file name="Button.tsx" path="/Users/jyates/Repositories/nexus-ui/src/components/ui/Button.tsx">
        <metrics statements="2" coveredstatements="2" conditionals="5" coveredconditionals="5" methods="1" coveredmethods="1"/>
        <line num="22" count="64" type="stmt"/>
        <line num="27" count="64" type="stmt"/>
      </file>
      <file name="Card.tsx" path="/Users/jyates/Repositories/nexus-ui/src/components/ui/Card.tsx">
        <metrics statements="1" coveredstatements="1" conditionals="0" coveredconditionals="0" methods="1" coveredmethods="1"/>
        <line num="12" count="217" type="stmt"/>
      </file>
      <file name="Input.tsx" path="/Users/jyates/Repositories/nexus-ui/src/components/ui/Input.tsx">
        <metrics statements="1" coveredstatements="1" conditionals="0" coveredconditionals="0" methods="1" coveredmethods="1"/>
        <line num="12" count="62" type="stmt"/>
      </file>
      <file name="index.ts" path="/Users/jyates/Repositories/nexus-ui/src/components/ui/index.ts">
        <metrics statements="0" coveredstatements="0" conditionals="0" coveredconditionals="0" methods="0" coveredmethods="0"/>
      </file>
    </package>
    <package name="src.lib">
      <metrics statements="1" coveredstatements="1" conditionals="0" coveredconditionals="0" methods="1" coveredmethods="1"/>
      <file name="utils.ts" path="/Users/jyates/Repositories/nexus-ui/src/lib/utils.ts">
        <metrics statements="1" coveredstatements="1" conditionals="0" coveredconditionals="0" methods="1" coveredmethods="1"/>
        <line num="18" count="516" type="stmt"/>
      </file>
    </package>
  </project>
</coverage>
