{"/Users/jyates/Repositories/nexus-ui/src/App.tsx": {"path":"/Users/jyates/Repositories/nexus-ui/src/App.tsx","statementMap":{"0":{"start":{"line":25,"column":19},"end":{"line":25,"column":null}},"1":{"start":{"line":26,"column":16},"end":{"line":26,"column":39}},"2":{"start":{"line":27,"column":20},"end":{"line":27,"column":50}},"3":{"start":{"line":33,"column":9},"end":{"line":33,"column":89}},"4":{"start":{"line":33,"column":37},"end":{"line":33,"column":89}},"5":{"start":{"line":35,"column":17},"end":{"line":41,"column":null}},"6":{"start":{"line":49,"column":8},"end":{"line":49,"column":52}},"7":{"start":{"line":51,"column":8},"end":{"line":53,"column":null}},"8":{"start":{"line":53,"column":4},"end":{"line":53,"column":null}},"9":{"start":{"line":61,"column":2},"end":{"line":63,"column":null}},"10":{"start":{"line":62,"column":4},"end":{"line":62,"column":null}},"11":{"start":{"line":69,"column":2},"end":{"line":98,"column":null}},"12":{"start":{"line":70,"column":24},"end":{"line":88,"column":null}},"13":{"start":{"line":71,"column":6},"end":{"line":88,"column":null}},"14":{"start":{"line":73,"column":24},"end":{"line":73,"column":null}},"15":{"start":{"line":74,"column":25},"end":{"line":74,"column":63}},"16":{"start":{"line":75,"column":8},"end":{"line":79,"column":null}},"17":{"start":{"line":76,"column":23},"end":{"line":76,"column":43}},"18":{"start":{"line":77,"column":10},"end":{"line":77,"column":null}},"19":{"start":{"line":79,"column":10},"end":{"line":79,"column":null}},"20":{"start":{"line":82,"column":8},"end":{"line":88,"column":null}},"21":{"start":{"line":92,"column":4},"end":{"line":92,"column":null}},"22":{"start":{"line":94,"column":21},"end":{"line":94,"column":50}},"23":{"start":{"line":97,"column":4},"end":{"line":97,"column":null}},"24":{"start":{"line":97,"column":17},"end":{"line":97,"column":39}},"25":{"start":{"line":104,"column":21},"end":{"line":216,"column":null}},"26":{"start":{"line":105,"column":4},"end":{"line":105,"column":null}},"27":{"start":{"line":106,"column":4},"end":{"line":106,"column":null}},"28":{"start":{"line":106,"column":36},"end":{"line":106,"column":null}},"29":{"start":{"line":108,"column":33},"end":{"line":108,"column":null}},"30":{"start":{"line":111,"column":4},"end":{"line":111,"column":null}},"31":{"start":{"line":111,"column":26},"end":{"line":111,"column":48}},"32":{"start":{"line":112,"column":4},"end":{"line":112,"column":null}},"33":{"start":{"line":113,"column":4},"end":{"line":113,"column":null}},"34":{"start":{"line":115,"column":4},"end":{"line":216,"column":null}},"35":{"start":{"line":116,"column":22},"end":{"line":116,"column":null}},"36":{"start":{"line":117,"column":23},"end":{"line":127,"column":null}},"37":{"start":{"line":129,"column":6},"end":{"line":129,"column":null}},"38":{"start":{"line":129,"column":26},"end":{"line":129,"column":null}},"39":{"start":{"line":136,"column":21},"end":{"line":136,"column":45}},"40":{"start":{"line":137,"column":22},"end":{"line":137,"column":38}},"41":{"start":{"line":138,"column":28},"end":{"line":138,"column":null}},"42":{"start":{"line":145,"column":32},"end":{"line":145,"column":null}},"43":{"start":{"line":148,"column":6},"end":{"line":207,"column":null}},"44":{"start":{"line":149,"column":32},"end":{"line":149,"column":50}},"45":{"start":{"line":150,"column":8},"end":{"line":150,"column":null}},"46":{"start":{"line":150,"column":18},"end":{"line":150,"column":null}},"47":{"start":{"line":152,"column":22},"end":{"line":152,"column":42}},"48":{"start":{"line":154,"column":22},"end":{"line":154,"column":38}},"49":{"start":{"line":156,"column":8},"end":{"line":207,"column":null}},"50":{"start":{"line":157,"column":10},"end":{"line":207,"column":null}},"51":{"start":{"line":158,"column":12},"end":{"line":207,"column":null}},"52":{"start":{"line":160,"column":27},"end":{"line":160,"column":null}},"53":{"start":{"line":163,"column":14},"end":{"line":171,"column":null}},"54":{"start":{"line":164,"column":31},"end":{"line":164,"column":null}},"55":{"start":{"line":165,"column":16},"end":{"line":171,"column":null}},"56":{"start":{"line":166,"column":18},"end":{"line":166,"column":null}},"57":{"start":{"line":167,"column":18},"end":{"line":170,"column":null}},"58":{"start":{"line":167,"column":40},"end":{"line":170,"column":20}},"59":{"start":{"line":171,"column":18},"end":{"line":171,"column":null}},"60":{"start":{"line":176,"column":14},"end":{"line":203,"column":null}},"61":{"start":{"line":177,"column":34},"end":{"line":177,"column":84}},"62":{"start":{"line":177,"column":69},"end":{"line":177,"column":76}},"63":{"start":{"line":178,"column":31},"end":{"line":178,"column":null}},"64":{"start":{"line":186,"column":16},"end":{"line":189,"column":null}},"65":{"start":{"line":187,"column":18},"end":{"line":187,"column":null}},"66":{"start":{"line":189,"column":18},"end":{"line":189,"column":null}},"67":{"start":{"line":192,"column":16},"end":{"line":203,"column":null}},"68":{"start":{"line":193,"column":18},"end":{"line":203,"column":null}},"69":{"start":{"line":194,"column":33},"end":{"line":194,"column":null}},"70":{"start":{"line":197,"column":20},"end":{"line":201,"column":null}},"71":{"start":{"line":198,"column":22},"end":{"line":198,"column":null}},"72":{"start":{"line":201,"column":22},"end":{"line":201,"column":null}},"73":{"start":{"line":207,"column":14},"end":{"line":207,"column":null}},"74":{"start":{"line":213,"column":6},"end":{"line":213,"column":null}},"75":{"start":{"line":214,"column":6},"end":{"line":214,"column":null}},"76":{"start":{"line":214,"column":28},"end":{"line":214,"column":127}},"77":{"start":{"line":216,"column":6},"end":{"line":216,"column":null}},"78":{"start":{"line":225,"column":2},"end":{"line":268,"column":null}}},"fnMap":{"0":{"name":"App","decl":{"start":{"line":15,"column":24},"end":{"line":15,"column":30}},"loc":{"start":{"line":15,"column":30},"end":{"line":268,"column":null}},"line":15},"1":{"name":"(anonymous_1)","decl":{"start":{"line":33,"column":22},"end":{"line":33,"column":37}},"loc":{"start":{"line":33,"column":37},"end":{"line":33,"column":89}},"line":33},"2":{"name":"(anonymous_2)","decl":{"start":{"line":51,"column":8},"end":{"line":51,"column":31}},"loc":{"start":{"line":51,"column":31},"end":{"line":53,"column":null}},"line":51},"3":{"name":"(anonymous_3)","decl":{"start":{"line":61,"column":2},"end":{"line":61,"column":18}},"loc":{"start":{"line":61,"column":18},"end":{"line":63,"column":6}},"line":61},"4":{"name":"(anonymous_4)","decl":{"start":{"line":69,"column":2},"end":{"line":69,"column":18}},"loc":{"start":{"line":69,"column":18},"end":{"line":98,"column":7}},"line":69},"5":{"name":"(anonymous_5)","decl":{"start":{"line":70,"column":24},"end":{"line":70,"column":36}},"loc":{"start":{"line":70,"column":36},"end":{"line":88,"column":null}},"line":70},"6":{"name":"(anonymous_6)","decl":{"start":{"line":97,"column":4},"end":{"line":97,"column":17}},"loc":{"start":{"line":97,"column":17},"end":{"line":97,"column":39}},"line":97},"7":{"name":"(anonymous_7)","decl":{"start":{"line":104,"column":21},"end":{"line":104,"column":28}},"loc":{"start":{"line":104,"column":51},"end":{"line":216,"column":null}},"line":104},"8":{"name":"(anonymous_8)","decl":{"start":{"line":111,"column":4},"end":{"line":111,"column":17}},"loc":{"start":{"line":111,"column":26},"end":{"line":111,"column":48}},"line":111},"9":{"name":"(anonymous_9)","decl":{"start":{"line":167,"column":18},"end":{"line":167,"column":31}},"loc":{"start":{"line":167,"column":40},"end":{"line":170,"column":20}},"line":167},"10":{"name":"(anonymous_10)","decl":{"start":{"line":177,"column":53},"end":{"line":177,"column":58}},"loc":{"start":{"line":177,"column":69},"end":{"line":177,"column":76}},"line":177},"11":{"name":"(anonymous_11)","decl":{"start":{"line":193,"column":18},"end":{"line":193,"column":31}},"loc":{"start":{"line":193,"column":40},"end":{"line":203,"column":null}},"line":193},"12":{"name":"(anonymous_12)","decl":{"start":{"line":214,"column":6},"end":{"line":214,"column":19}},"loc":{"start":{"line":214,"column":28},"end":{"line":214,"column":127}},"line":214}},"branchMap":{"0":{"loc":{"start":{"line":73,"column":24},"end":{"line":73,"column":null}},"type":"binary-expr","locations":[{"start":{"line":73,"column":24},"end":{"line":73,"column":61}},{"start":{"line":73,"column":61},"end":{"line":73,"column":null}}],"line":73},"1":{"loc":{"start":{"line":75,"column":8},"end":{"line":79,"column":null}},"type":"if","locations":[{"start":{"line":75,"column":8},"end":{"line":79,"column":null}},{"start":{"line":78,"column":15},"end":{"line":79,"column":null}}],"line":75},"2":{"loc":{"start":{"line":106,"column":4},"end":{"line":106,"column":null}},"type":"if","locations":[{"start":{"line":106,"column":4},"end":{"line":106,"column":null}},{"start":{},"end":{}}],"line":106},"3":{"loc":{"start":{"line":106,"column":8},"end":{"line":106,"column":36}},"type":"binary-expr","locations":[{"start":{"line":106,"column":8},"end":{"line":106,"column":21}},{"start":{"line":106,"column":25},"end":{"line":106,"column":36}}],"line":106},"4":{"loc":{"start":{"line":116,"column":22},"end":{"line":116,"column":null}},"type":"binary-expr","locations":[{"start":{"line":116,"column":22},"end":{"line":116,"column":59}},{"start":{"line":116,"column":59},"end":{"line":116,"column":null}}],"line":116},"5":{"loc":{"start":{"line":129,"column":6},"end":{"line":129,"column":null}},"type":"if","locations":[{"start":{"line":129,"column":6},"end":{"line":129,"column":null}},{"start":{},"end":{}}],"line":129},"6":{"loc":{"start":{"line":150,"column":8},"end":{"line":150,"column":null}},"type":"if","locations":[{"start":{"line":150,"column":8},"end":{"line":150,"column":null}},{"start":{},"end":{}}],"line":150},"7":{"loc":{"start":{"line":157,"column":10},"end":{"line":207,"column":null}},"type":"if","locations":[{"start":{"line":157,"column":10},"end":{"line":207,"column":null}},{"start":{},"end":{}}],"line":157},"8":{"loc":{"start":{"line":163,"column":14},"end":{"line":171,"column":null}},"type":"if","locations":[{"start":{"line":163,"column":14},"end":{"line":171,"column":null}},{"start":{},"end":{}}],"line":163},"9":{"loc":{"start":{"line":165,"column":16},"end":{"line":171,"column":null}},"type":"if","locations":[{"start":{"line":165,"column":16},"end":{"line":171,"column":null}},{"start":{},"end":{}}],"line":165},"10":{"loc":{"start":{"line":176,"column":14},"end":{"line":203,"column":null}},"type":"if","locations":[{"start":{"line":176,"column":14},"end":{"line":203,"column":null}},{"start":{},"end":{}}],"line":176},"11":{"loc":{"start":{"line":186,"column":16},"end":{"line":189,"column":null}},"type":"if","locations":[{"start":{"line":186,"column":16},"end":{"line":189,"column":null}},{"start":{"line":188,"column":23},"end":{"line":189,"column":null}}],"line":186},"12":{"loc":{"start":{"line":192,"column":16},"end":{"line":203,"column":null}},"type":"if","locations":[{"start":{"line":192,"column":16},"end":{"line":203,"column":null}},{"start":{},"end":{}}],"line":192},"13":{"loc":{"start":{"line":197,"column":20},"end":{"line":201,"column":null}},"type":"if","locations":[{"start":{"line":197,"column":20},"end":{"line":201,"column":null}},{"start":{"line":199,"column":27},"end":{"line":201,"column":null}}],"line":197},"14":{"loc":{"start":{"line":197,"column":24},"end":{"line":197,"column":99}},"type":"binary-expr","locations":[{"start":{"line":197,"column":24},"end":{"line":197,"column":32}},{"start":{"line":197,"column":32},"end":{"line":197,"column":58}},{"start":{"line":197,"column":58},"end":{"line":197,"column":84}},{"start":{"line":197,"column":84},"end":{"line":197,"column":99}}],"line":197}},"s":{"0":52,"1":52,"2":52,"3":52,"4":13,"5":52,"6":52,"7":52,"8":30,"9":52,"10":30,"11":52,"12":13,"13":14,"14":14,"15":14,"16":13,"17":11,"18":11,"19":2,"20":3,"21":13,"22":13,"23":13,"24":13,"25":52,"26":9,"27":9,"28":1,"29":8,"30":8,"31":8,"32":8,"33":8,"34":8,"35":8,"36":9,"37":7,"38":7,"39":5,"40":5,"41":5,"42":5,"43":5,"44":17,"45":16,"46":4,"47":12,"48":12,"49":12,"50":36,"51":12,"52":12,"53":12,"54":2,"55":2,"56":1,"57":1,"58":1,"59":1,"60":11,"61":9,"62":9,"63":9,"64":9,"65":2,"66":7,"67":9,"68":9,"69":9,"70":9,"71":3,"72":6,"73":1,"74":3,"75":3,"76":2,"77":7,"78":52},"f":{"0":52,"1":13,"2":30,"3":30,"4":13,"5":14,"6":13,"7":9,"8":8,"9":1,"10":9,"11":9,"12":2},"b":{"0":[14,14],"1":[11,2],"2":[1,8],"3":[9,8],"4":[8,8],"5":[2,5],"6":[4,12],"7":[12,24],"8":[2,10],"9":[1,1],"10":[9,2],"11":[2,7],"12":[9,0],"13":[3,6],"14":[9,9,4,2]},"meta":{"lastBranch":15,"lastFunction":13,"lastStatement":79,"seen":{"f:15:24:15:30":0,"s:25:19:25:Infinity":0,"s:26:16:26:39":1,"s:27:20:27:50":2,"s:33:9:33:89":3,"f:33:22:33:37":1,"s:33:37:33:89":4,"s:35:17:41:Infinity":5,"s:49:8:49:52":6,"s:51:8:53:Infinity":7,"f:51:8:51:31":2,"s:53:4:53:Infinity":8,"s:61:2:63:Infinity":9,"f:61:2:61:18":3,"s:62:4:62:Infinity":10,"s:69:2:98:Infinity":11,"f:69:2:69:18":4,"s:70:24:88:Infinity":12,"f:70:24:70:36":5,"s:71:6:88:Infinity":13,"s:73:24:73:Infinity":14,"b:73:24:73:61:73:61:73:Infinity":0,"s:74:25:74:63":15,"b:75:8:79:Infinity:78:15:79:Infinity":1,"s:75:8:79:Infinity":16,"s:76:23:76:43":17,"s:77:10:77:Infinity":18,"s:79:10:79:Infinity":19,"s:82:8:88:Infinity":20,"s:92:4:92:Infinity":21,"s:94:21:94:50":22,"s:97:4:97:Infinity":23,"f:97:4:97:17":6,"s:97:17:97:39":24,"s:104:21:216:Infinity":25,"f:104:21:104:28":7,"s:105:4:105:Infinity":26,"b:106:4:106:Infinity:undefined:undefined:undefined:undefined":2,"s:106:4:106:Infinity":27,"b:106:8:106:21:106:25:106:36":3,"s:106:36:106:Infinity":28,"s:108:33:108:Infinity":29,"s:111:4:111:Infinity":30,"f:111:4:111:17":8,"s:111:26:111:48":31,"s:112:4:112:Infinity":32,"s:113:4:113:Infinity":33,"s:115:4:216:Infinity":34,"s:116:22:116:Infinity":35,"b:116:22:116:59:116:59:116:Infinity":4,"s:117:23:127:Infinity":36,"b:129:6:129:Infinity:undefined:undefined:undefined:undefined":5,"s:129:6:129:Infinity":37,"s:129:26:129:Infinity":38,"s:136:21:136:45":39,"s:137:22:137:38":40,"s:138:28:138:Infinity":41,"s:145:32:145:Infinity":42,"s:148:6:207:Infinity":43,"s:149:32:149:50":44,"b:150:8:150:Infinity:undefined:undefined:undefined:undefined":6,"s:150:8:150:Infinity":45,"s:150:18:150:Infinity":46,"s:152:22:152:42":47,"s:154:22:154:38":48,"s:156:8:207:Infinity":49,"b:157:10:207:Infinity:undefined:undefined:undefined:undefined":7,"s:157:10:207:Infinity":50,"s:158:12:207:Infinity":51,"s:160:27:160:Infinity":52,"b:163:14:171:Infinity:undefined:undefined:undefined:undefined":8,"s:163:14:171:Infinity":53,"s:164:31:164:Infinity":54,"b:165:16:171:Infinity:undefined:undefined:undefined:undefined":9,"s:165:16:171:Infinity":55,"s:166:18:166:Infinity":56,"s:167:18:170:Infinity":57,"f:167:18:167:31":9,"s:167:40:170:20":58,"s:171:18:171:Infinity":59,"b:176:14:203:Infinity:undefined:undefined:undefined:undefined":10,"s:176:14:203:Infinity":60,"s:177:34:177:84":61,"f:177:53:177:58":10,"s:177:69:177:76":62,"s:178:31:178:Infinity":63,"b:186:16:189:Infinity:188:23:189:Infinity":11,"s:186:16:189:Infinity":64,"s:187:18:187:Infinity":65,"s:189:18:189:Infinity":66,"b:192:16:203:Infinity:undefined:undefined:undefined:undefined":12,"s:192:16:203:Infinity":67,"s:193:18:203:Infinity":68,"f:193:18:193:31":11,"s:194:33:194:Infinity":69,"b:197:20:201:Infinity:199:27:201:Infinity":13,"s:197:20:201:Infinity":70,"b:197:24:197:32:197:32:197:58:197:58:197:84:197:84:197:99":14,"s:198:22:198:Infinity":71,"s:201:22:201:Infinity":72,"s:207:14:207:Infinity":73,"s:213:6:213:Infinity":74,"s:214:6:214:Infinity":75,"f:214:6:214:19":12,"s:214:28:214:127":76,"s:216:6:216:Infinity":77,"s:225:2:268:Infinity":78}}}
,"/Users/jyates/Repositories/nexus-ui/src/components/ChatHeader.tsx": {"path":"/Users/jyates/Repositories/nexus-ui/src/components/ChatHeader.tsx","statementMap":{"0":{"start":{"line":15,"column":2},"end":{"line":34,"column":null}}},"fnMap":{"0":{"name":"ChatHeader","decl":{"start":{"line":14,"column":16},"end":{"line":14,"column":27}},"loc":{"start":{"line":14,"column":67},"end":{"line":34,"column":null}},"line":14}},"branchMap":{"0":{"loc":{"start":{"line":24,"column":49},"end":{"line":24,"column":128}},"type":"cond-expr","locations":[{"start":{"line":24,"column":71},"end":{"line":24,"column":104}},{"start":{"line":24,"column":104},"end":{"line":24,"column":128}}],"line":24}},"s":{"0":54},"f":{"0":54},"b":{"0":[37,17]},"meta":{"lastBranch":1,"lastFunction":1,"lastStatement":1,"seen":{"f:14:16:14:27":0,"s:15:2:34:Infinity":0,"b:24:71:24:104:24:104:24:128":0}}}
,"/Users/jyates/Repositories/nexus-ui/src/components/MessageInput.tsx": {"path":"/Users/jyates/Repositories/nexus-ui/src/components/MessageInput.tsx","statementMap":{"0":{"start":{"line":29,"column":2},"end":{"line":56,"column":null}},"1":{"start":{"line":43,"column":27},"end":{"line":43,"column":51}}},"fnMap":{"0":{"name":"MessageInput","decl":{"start":{"line":28,"column":16},"end":{"line":28,"column":29}},"loc":{"start":{"line":28,"column":103},"end":{"line":56,"column":null}},"line":28},"1":{"name":"(anonymous_1)","decl":{"start":{"line":43,"column":10},"end":{"line":43,"column":21}},"loc":{"start":{"line":43,"column":27},"end":{"line":43,"column":51}},"line":43}},"branchMap":{"0":{"loc":{"start":{"line":44,"column":23},"end":{"line":44,"column":null}},"type":"cond-expr","locations":[{"start":{"line":44,"column":36},"end":{"line":44,"column":64}},{"start":{"line":44,"column":64},"end":{"line":44,"column":null}}],"line":44},"1":{"loc":{"start":{"line":45,"column":20},"end":{"line":45,"column":null}},"type":"binary-expr","locations":[{"start":{"line":45,"column":20},"end":{"line":45,"column":33}},{"start":{"line":45,"column":33},"end":{"line":45,"column":null}}],"line":45},"2":{"loc":{"start":{"line":49,"column":20},"end":{"line":49,"column":null}},"type":"binary-expr","locations":[{"start":{"line":49,"column":20},"end":{"line":49,"column":33}},{"start":{"line":49,"column":37},"end":{"line":49,"column":null}}],"line":49}},"s":{"0":57,"1":9},"f":{"0":57,"1":9},"b":{"0":[40,17],"1":[57,44],"2":[57,10]},"meta":{"lastBranch":3,"lastFunction":2,"lastStatement":2,"seen":{"f:28:16:28:29":0,"s:29:2:56:Infinity":0,"f:43:10:43:21":1,"s:43:27:43:51":1,"b:44:36:44:64:44:64:44:Infinity":0,"b:45:20:45:33:45:33:45:Infinity":1,"b:49:20:49:33:49:37:49:Infinity":2}}}
,"/Users/jyates/Repositories/nexus-ui/src/components/MessageList.tsx": {"path":"/Users/jyates/Repositories/nexus-ui/src/components/MessageList.tsx","statementMap":{"0":{"start":{"line":21,"column":2},"end":{"line":108,"column":null}},"1":{"start":{"line":43,"column":16},"end":{"line":54,"column":null}},"2":{"start":{"line":50,"column":33},"end":{"line":50,"column":50}},"3":{"start":{"line":67,"column":8},"end":{"line":72,"column":null}},"4":{"start":{"line":68,"column":10},"end":{"line":72,"column":null}},"5":{"start":{"line":77,"column":8},"end":{"line":99,"column":null}}},"fnMap":{"0":{"name":"MessageList","decl":{"start":{"line":20,"column":16},"end":{"line":20,"column":28}},"loc":{"start":{"line":20,"column":86},"end":{"line":108,"column":null}},"line":20},"1":{"name":"(anonymous_1)","decl":{"start":{"line":42,"column":16},"end":{"line":42,"column":20}},"loc":{"start":{"line":43,"column":16},"end":{"line":54,"column":null}},"line":43},"2":{"name":"(anonymous_2)","decl":{"start":{"line":50,"column":18},"end":{"line":50,"column":33}},"loc":{"start":{"line":50,"column":33},"end":{"line":50,"column":50}},"line":50},"3":{"name":"(anonymous_3)","decl":{"start":{"line":65,"column":16},"end":{"line":65,"column":21}},"loc":{"start":{"line":65,"column":30},"end":{"line":101,"column":null}},"line":65}},"branchMap":{"0":{"loc":{"start":{"line":28,"column":7},"end":{"line":56,"column":null}},"type":"binary-expr","locations":[{"start":{"line":28,"column":7},"end":{"line":28,"column":null}},{"start":{"line":29,"column":8},"end":{"line":56,"column":null}}],"line":28},"1":{"loc":{"start":{"line":67,"column":8},"end":{"line":72,"column":null}},"type":"if","locations":[{"start":{"line":67,"column":8},"end":{"line":72,"column":null}},{"start":{},"end":{}}],"line":67},"2":{"loc":{"start":{"line":78,"column":42},"end":{"line":78,"column":94}},"type":"cond-expr","locations":[{"start":{"line":78,"column":62},"end":{"line":78,"column":78}},{"start":{"line":78,"column":78},"end":{"line":78,"column":94}}],"line":78},"3":{"loc":{"start":{"line":80,"column":14},"end":{"line":82,"column":null}},"type":"cond-expr","locations":[{"start":{"line":81,"column":18},"end":{"line":81,"column":null}},{"start":{"line":82,"column":18},"end":{"line":82,"column":null}}],"line":80},"4":{"loc":{"start":{"line":84,"column":15},"end":{"line":95,"column":15}},"type":"binary-expr","locations":[{"start":{"line":84,"column":15},"end":{"line":84,"column":null}},{"start":{"line":85,"column":16},"end":{"line":95,"column":15}}],"line":84},"5":{"loc":{"start":{"line":85,"column":126},"end":{"line":85,"column":null}},"type":"cond-expr","locations":[{"start":{"line":85,"column":146},"end":{"line":85,"column":162}},{"start":{"line":85,"column":162},"end":{"line":85,"column":null}}],"line":85},"6":{"loc":{"start":{"line":86,"column":19},"end":{"line":87,"column":21}},"type":"binary-expr","locations":[{"start":{"line":86,"column":19},"end":{"line":86,"column":41}},{"start":{"line":86,"column":41},"end":{"line":87,"column":21}}],"line":86},"7":{"loc":{"start":{"line":95,"column":68},"end":{"line":95,"column":null}},"type":"cond-expr","locations":[{"start":{"line":95,"column":88},"end":{"line":95,"column":141}},{"start":{"line":95,"column":141},"end":{"line":95,"column":null}}],"line":95}},"s":{"0":55,"1":108,"2":1,"3":32,"4":2,"5":30},"f":{"0":55,"1":108,"2":1,"3":32},"b":{"0":[55,36],"1":[2,30],"2":[19,11],"3":[19,11],"4":[32,9],"5":[1,8],"6":[9,8],"7":[19,11]},"meta":{"lastBranch":8,"lastFunction":4,"lastStatement":6,"seen":{"f:20:16:20:28":0,"s:21:2:108:Infinity":0,"b:28:7:28:Infinity:29:8:56:Infinity":0,"f:42:16:42:20":1,"s:43:16:54:Infinity":1,"f:50:18:50:33":2,"s:50:33:50:50":2,"f:65:16:65:21":3,"b:67:8:72:Infinity:undefined:undefined:undefined:undefined":1,"s:67:8:72:Infinity":3,"s:68:10:72:Infinity":4,"s:77:8:99:Infinity":5,"b:78:62:78:78:78:78:78:94":2,"b:81:18:81:Infinity:82:18:82:Infinity":3,"b:84:15:84:Infinity:85:16:95:15":4,"b:85:146:85:162:85:162:85:Infinity":5,"b:86:19:86:41:86:41:87:21":6,"b:95:88:95:141:95:141:95:Infinity":7}}}
,"/Users/jyates/Repositories/nexus-ui/src/components/SystemStatusGrid.tsx": {"path":"/Users/jyates/Repositories/nexus-ui/src/components/SystemStatusGrid.tsx","statementMap":{"0":{"start":{"line":18,"column":8},"end":{"line":18,"column":86}},"1":{"start":{"line":18,"column":36},"end":{"line":18,"column":86}},"2":{"start":{"line":25,"column":19},"end":{"line":44,"column":null}},"3":{"start":{"line":46,"column":2},"end":{"line":86,"column":null}},"4":{"start":{"line":49,"column":8},"end":{"line":84,"column":null}}},"fnMap":{"0":{"name":"SystemStatusGrid","decl":{"start":{"line":12,"column":16},"end":{"line":12,"column":33}},"loc":{"start":{"line":12,"column":64},"end":{"line":86,"column":null}},"line":12},"1":{"name":"(anonymous_1)","decl":{"start":{"line":18,"column":8},"end":{"line":18,"column":20}},"loc":{"start":{"line":18,"column":36},"end":{"line":18,"column":86}},"line":18},"2":{"name":"(anonymous_2)","decl":{"start":{"line":48,"column":16},"end":{"line":48,"column":21}},"loc":{"start":{"line":49,"column":8},"end":{"line":84,"column":null}},"line":49}},"branchMap":{"0":{"loc":{"start":{"line":64,"column":28},"end":{"line":64,"column":null}},"type":"cond-expr","locations":[{"start":{"line":64,"column":76},"end":{"line":64,"column":88}},{"start":{"line":64,"column":88},"end":{"line":64,"column":null}}],"line":64},"1":{"loc":{"start":{"line":73,"column":11},"end":{"line":80,"column":null}},"type":"binary-expr","locations":[{"start":{"line":73,"column":11},"end":{"line":73,"column":null}},{"start":{"line":74,"column":12},"end":{"line":80,"column":null}}],"line":73},"2":{"loc":{"start":{"line":77,"column":58},"end":{"line":77,"column":null}},"type":"cond-expr","locations":[{"start":{"line":77,"column":86},"end":{"line":77,"column":129}},{"start":{"line":77,"column":129},"end":{"line":77,"column":null}}],"line":77},"3":{"loc":{"start":{"line":80,"column":60},"end":{"line":80,"column":130}},"type":"cond-expr","locations":[{"start":{"line":80,"column":88},"end":{"line":80,"column":107}},{"start":{"line":80,"column":107},"end":{"line":80,"column":130}}],"line":80}},"s":{"0":54,"1":378,"2":54,"3":54,"4":162},"f":{"0":54,"1":378,"2":162},"b":{"0":[124,38],"1":[162,108],"2":[2,106],"3":[2,106]},"meta":{"lastBranch":4,"lastFunction":3,"lastStatement":5,"seen":{"f:12:16:12:33":0,"s:18:8:18:86":0,"f:18:8:18:20":1,"s:18:36:18:86":1,"s:25:19:44:Infinity":2,"s:46:2:86:Infinity":3,"f:48:16:48:21":2,"s:49:8:84:Infinity":4,"b:64:76:64:88:64:88:64:Infinity":0,"b:73:11:73:Infinity:74:12:80:Infinity":1,"b:77:86:77:129:77:129:77:Infinity":2,"b:80:88:80:107:80:107:80:130":3}}}
,"/Users/jyates/Repositories/nexus-ui/src/components/ui/Badge.tsx": {"path":"/Users/jyates/Repositories/nexus-ui/src/components/ui/Badge.tsx","statementMap":{"0":{"start":{"line":14,"column":19},"end":{"line":18,"column":null}},"1":{"start":{"line":20,"column":2},"end":{"line":28,"column":null}}},"fnMap":{"0":{"name":"Badge","decl":{"start":{"line":13,"column":16},"end":{"line":13,"column":22}},"loc":{"start":{"line":13,"column":80},"end":{"line":28,"column":null}},"line":13}},"branchMap":{"0":{"loc":{"start":{"line":13,"column":35},"end":{"line":13,"column":56}},"type":"default-arg","locations":[{"start":{"line":13,"column":45},"end":{"line":13,"column":56}}],"line":13}},"s":{"0":167,"1":167},"f":{"0":167},"b":{"0":[167]},"meta":{"lastBranch":1,"lastFunction":1,"lastStatement":2,"seen":{"f:13:16:13:22":0,"b:13:45:13:56":0,"s:14:19:18:Infinity":0,"s:20:2:28:Infinity":1}}}
,"/Users/jyates/Repositories/nexus-ui/src/components/ui/Button.tsx": {"path":"/Users/jyates/Repositories/nexus-ui/src/components/ui/Button.tsx","statementMap":{"0":{"start":{"line":22,"column":19},"end":{"line":25,"column":null}},"1":{"start":{"line":27,"column":2},"end":{"line":43,"column":null}}},"fnMap":{"0":{"name":"Button","decl":{"start":{"line":14,"column":16},"end":{"line":14,"column":23}},"loc":{"start":{"line":21,"column":16},"end":{"line":43,"column":null}},"line":21}},"branchMap":{"0":{"loc":{"start":{"line":16,"column":2},"end":{"line":16,"column":null}},"type":"default-arg","locations":[{"start":{"line":16,"column":12},"end":{"line":16,"column":null}}],"line":16},"1":{"loc":{"start":{"line":34,"column":16},"end":{"line":34,"column":null}},"type":"binary-expr","locations":[{"start":{"line":34,"column":16},"end":{"line":34,"column":29}},{"start":{"line":34,"column":29},"end":{"line":34,"column":null}}],"line":34},"2":{"loc":{"start":{"line":37,"column":7},"end":{"line":42,"column":null}},"type":"cond-expr","locations":[{"start":{"line":38,"column":8},"end":{"line":41,"column":null}},{"start":{"line":42,"column":10},"end":{"line":42,"column":null}}],"line":37}},"s":{"0":64,"1":64},"f":{"0":64},"b":{"0":[64],"1":[64,49],"2":[15,49]},"meta":{"lastBranch":3,"lastFunction":1,"lastStatement":2,"seen":{"f:14:16:14:23":0,"b:16:12:16:Infinity":0,"s:22:19:25:Infinity":0,"s:27:2:43:Infinity":1,"b:34:16:34:29:34:29:34:Infinity":1,"b:38:8:41:Infinity:42:10:42:Infinity":2}}}
,"/Users/jyates/Repositories/nexus-ui/src/components/ui/Card.tsx": {"path":"/Users/jyates/Repositories/nexus-ui/src/components/ui/Card.tsx","statementMap":{"0":{"start":{"line":12,"column":2},"end":{"line":19,"column":null}}},"fnMap":{"0":{"name":"Card","decl":{"start":{"line":11,"column":16},"end":{"line":11,"column":21}},"loc":{"start":{"line":11,"column":57},"end":{"line":19,"column":null}},"line":11}},"branchMap":{},"s":{"0":217},"f":{"0":217},"b":{},"meta":{"lastBranch":0,"lastFunction":1,"lastStatement":1,"seen":{"f:11:16:11:21":0,"s:12:2:19:Infinity":0}}}
,"/Users/jyates/Repositories/nexus-ui/src/components/ui/Input.tsx": {"path":"/Users/jyates/Repositories/nexus-ui/src/components/ui/Input.tsx","statementMap":{"0":{"start":{"line":12,"column":2},"end":{"line":19,"column":null}}},"fnMap":{"0":{"name":"Input","decl":{"start":{"line":11,"column":16},"end":{"line":11,"column":22}},"loc":{"start":{"line":11,"column":59},"end":{"line":19,"column":null}},"line":11}},"branchMap":{},"s":{"0":62},"f":{"0":62},"b":{},"meta":{"lastBranch":0,"lastFunction":1,"lastStatement":1,"seen":{"f:11:16:11:22":0,"s:12:2:19:Infinity":0}}}
,"/Users/jyates/Repositories/nexus-ui/src/components/ui/index.ts": {"path":"/Users/jyates/Repositories/nexus-ui/src/components/ui/index.ts","statementMap":{},"fnMap":{},"branchMap":{},"s":{},"f":{},"b":{},"meta":{"lastBranch":0,"lastFunction":0,"lastStatement":0,"seen":{}}}
,"/Users/jyates/Repositories/nexus-ui/src/lib/utils.ts": {"path":"/Users/jyates/Repositories/nexus-ui/src/lib/utils.ts","statementMap":{"0":{"start":{"line":18,"column":2},"end":{"line":18,"column":null}}},"fnMap":{"0":{"name":"cn","decl":{"start":{"line":17,"column":16},"end":{"line":17,"column":19}},"loc":{"start":{"line":17,"column":44},"end":{"line":18,"column":null}},"line":17}},"branchMap":{},"s":{"0":516},"f":{"0":516},"b":{},"meta":{"lastBranch":0,"lastFunction":1,"lastStatement":1,"seen":{"f:17:16:17:19":0,"s:18:2:18:Infinity":0}}}
}
